<?xml version="1.0" encoding="UTF-8"?>
<project xmlns="http://maven.apache.org/POM/4.0.0" xmlns:xsi="http://www.w3.org/2001/XMLSchema-instance"
	xsi:schemaLocation="http://maven.apache.org/POM/4.0.0 http://maven.apache.org/xsd/maven-4.0.0.xsd">
	<modelVersion>4.0.0</modelVersion>
	<groupId>com.nerdynick.maven</groupId>
	<artifactId>mustache-maven-plugin-test</artifactId>
	<version>1.0.0</version>

	<dependencies>
		<dependency>
			<groupId>junit</groupId>
			<artifactId>junit</artifactId>
			<version>4.12</version>
			<scope>test</scope>
		</dependency>
	</dependencies>

	<build>
		<plugins>
			<plugin>
				<groupId>com.nerdynick.maven</groupId>
				<artifactId>mustache-maven-plugin</artifactId>
				<configuration>
					<project implementation="com.nerdynick.maven.mustache.MavenProjectStub"/>
					<templates>
						<param>
							<outputDir>target/test-harness</outputDir>
							<inputFile>src/test/resources/mustache_test.txt</inputFile>
						</param>
					</templates>
				</configuration>
			</plugin>
		</plugins>
	</build>
</project>
